app/build/intermediates/manifest_merge_blame_file/debug/manifest-merger-blame-debug-report.txt
1<?xml version="1.0" encoding="utf-8"?>
2<manifest xmlns:android="http://schemas.android.com/apk/res/android"
3    package="com.example.latihanandroid"
4    android:versionCode="1"
5    android:versionName="1.0" >
6
7    <uses-sdk
8        android:minSdkVersion="23"
8-->src/main/AndroidManifest.xml
9        android:targetSdkVersion="33" />
9-->src/main/AndroidManifest.xml
10
11    <uses-permission android:name="android.permission.ACCESS_FINE_LOCATION" />
11-->src/main/AndroidManifest.xml:5:5-79
11-->src/main/AndroidManifest.xml:5:22-76
12    <uses-permission android:name="android.permission.ACCESS_COARSE_LOCATION" />
12-->src/main/AndroidManifest.xml:6:5-81
12-->src/main/AndroidManifest.xml:6:22-78
13
14    <!-- Include required permissions for Google Maps API to run. -->
15    <uses-permission android:name="android.permission.ACCESS_NETWORK_STATE" />
15-->[com.google.android.gms:play-services-maps:17.0.0] AndroidManifest.xml:23:5-79
15-->[com.google.android.gms:play-services-maps:17.0.0] AndroidManifest.xml:23:22-76
16    <uses-permission android:name="android.permission.INTERNET" />
16-->[com.google.android.gms:play-services-maps:17.0.0] AndroidManifest.xml:24:5-67
16-->[com.google.android.gms:play-services-maps:17.0.0] AndroidManifest.xml:24:22-64
17
18    <uses-feature
18-->[com.google.android.gms:play-services-maps:17.0.0] AndroidManifest.xml:26:5-28:35
19        android:glEsVersion="0x00020000"
19-->[com.google.android.gms:play-services-maps:17.0.0] AndroidManifest.xml:27:9-41
20        android:required="true" />
20-->[com.google.android.gms:play-services-maps:17.0.0] AndroidManifest.xml:28:9-32
21
22    <application
22-->src/main/AndroidManifest.xml:8:5-30:19
23        android:allowBackup="true"
23-->src/main/AndroidManifest.xml:9:9-35
24        android:appComponentFactory="androidx.core.app.CoreComponentFactory"
24-->[androidx.core:core:1.7.0] AndroidManifest.xml:24:18-86
25        android:dataExtractionRules="@xml/data_extraction_rules"
25-->src/main/AndroidManifest.xml:10:9-65
26        android:debuggable="true"
27        android:extractNativeLibs="false"
28        android:fullBackupContent="@xml/backup_rules"
28-->src/main/AndroidManifest.xml:11:9-54
29        android:icon="@mipmap/ic_launcher"
29-->src/main/AndroidManifest.xml:12:9-43
30        android:label="@string/app_name"
30-->src/main/AndroidManifest.xml:13:9-41
31        android:supportsRtl="true"
31-->src/main/AndroidManifest.xml:14:9-35
32        android:testOnly="true"
33        android:theme="@style/Theme.LatihanAndroid" >
33-->src/main/AndroidManifest.xml:15:9-52
34        <meta-data
34-->src/main/AndroidManifest.xml:17:9-19:71
35            android:name="com.google.android.geo.API_KEY"
35-->src/main/AndroidManifest.xml:18:13-58
36            android:value="AIzaSyCrtHp6Sldd7FYwG0yeG2Xvwzl7ayQMaVE" />
36-->src/main/AndroidManifest.xml:19:13-68
37
38        <activity
38-->src/main/AndroidManifest.xml:20:9-29:20
39            android:name="com.example.latihanandroid.MainActivity"
39-->src/main/AndroidManifest.xml:21:13-41
40            android:exported="true"
40-->src/main/AndroidManifest.xml:22:13-36
41            android:label="@string/app_name" >
41-->src/main/AndroidManifest.xml:23:13-45
42            <intent-filter>
42-->src/main/AndroidManifest.xml:24:13-28:29
43                <action android:name="android.intent.action.MAIN" />
43-->src/main/AndroidManifest.xml:25:17-69
43-->src/main/AndroidManifest.xml:25:25-66
44
45                <category android:name="android.intent.category.LAUNCHER" />
45-->src/main/AndroidManifest.xml:27:17-77
45-->src/main/AndroidManifest.xml:27:27-74
46            </intent-filter>
47        </activity>
48        <!-- Needs to be explicitly declared on P+ -->
49        <uses-library
49-->[com.google.android.gms:play-services-maps:17.0.0] AndroidManifest.xml:33:9-35:40
50            android:name="org.apache.http.legacy"
50-->[com.google.android.gms:play-services-maps:17.0.0] AndroidManifest.xml:34:13-50
51            android:required="false" />
51-->[com.google.android.gms:play-services-maps:17.0.0] AndroidManifest.xml:35:13-37
52
53        <activity
53-->[com.google.android.gms:play-services-base:17.0.0] AndroidManifest.xml:23:9-26:75
54            android:name="com.google.android.gms.common.api.GoogleApiActivity"
54-->[com.google.android.gms:play-services-base:17.0.0] AndroidManifest.xml:24:13-79
55            android:exported="false"
55-->[com.google.android.gms:play-services-base:17.0.0] AndroidManifest.xml:25:13-37
56            android:theme="@android:style/Theme.Translucent.NoTitleBar" />
56-->[com.google.android.gms:play-services-base:17.0.0] AndroidManifest.xml:26:13-72
57
58        <meta-data
58-->[com.google.android.gms:play-services-basement:17.0.0] AndroidManifest.xml:23:9-25:69
59            android:name="com.google.android.gms.version"
59-->[com.google.android.gms:play-services-basement:17.0.0] AndroidManifest.xml:24:13-58
60            android:value="@integer/google_play_services_version" />
60-->[com.google.android.gms:play-services-basement:17.0.0] AndroidManifest.xml:25:13-66
61
62        <provider
62-->[androidx.emoji2:emoji2:1.0.0] AndroidManifest.xml:26:9-34:20
63            android:name="androidx.startup.InitializationProvider"
63-->[androidx.emoji2:emoji2:1.0.0] AndroidManifest.xml:27:13-67
64            android:authorities="com.example.latihanandroid.androidx-startup"
64-->[androidx.emoji2:emoji2:1.0.0] AndroidManifest.xml:28:13-68
65            android:exported="false" >
65-->[androidx.emoji2:emoji2:1.0.0] AndroidManifest.xml:29:13-37
66            <meta-data
66-->[androidx.emoji2:emoji2:1.0.0] AndroidManifest.xml:31:13-33:52
67                android:name="androidx.emoji2.text.EmojiCompatInitializer"
67-->[androidx.emoji2:emoji2:1.0.0] AndroidManifest.xml:32:17-75
68                android:value="androidx.startup" />
68-->[androidx.emoji2:emoji2:1.0.0] AndroidManifest.xml:33:17-49
69            <meta-data
69-->[androidx.lifecycle:lifecycle-process:2.4.0] AndroidManifest.xml:31:13-33:52
70                android:name="androidx.lifecycle.ProcessLifecycleInitializer"
70-->[androidx.lifecycle:lifecycle-process:2.4.0] AndroidManifest.xml:32:17-78
71                android:value="androidx.startup" />
71-->[androidx.lifecycle:lifecycle-process:2.4.0] AndroidManifest.xml:33:17-49
72        </provider>
73
74        <uses-library
74-->[androidx.window:window:1.0.0] AndroidManifest.xml:25:9-27:40
75            android:name="androidx.window.extensions"
75-->[androidx.window:window:1.0.0] AndroidManifest.xml:26:13-54
76            android:required="false" />
76-->[androidx.window:window:1.0.0] AndroidManifest.xml:27:13-37
77        <uses-library
77-->[androidx.window:window:1.0.0] AndroidManifest.xml:28:9-30:40
78            android:name="androidx.window.sidecar"
78-->[androidx.window:window:1.0.0] AndroidManifest.xml:29:13-51
79            android:required="false" />
79-->[androidx.window:window:1.0.0] AndroidManifest.xml:30:13-37
80    </application>
81
82</manifest>